      0.000500        1.000000        0.000000        0.400000        1.000000
      0.001500        1.000000        0.000000        0.400000        1.000000
      0.002500        1.000000        0.000000        0.400000        1.000000
      0.003500        1.000000        0.000000        0.400000        1.000000
      0.004500        1.000000        0.000000        0.400000        1.000000
      0.005500        1.000000        0.000000        0.400000        1.000000
      0.006500        1.000000        0.000000        0.400000        1.000000
      0.007500        1.000000        0.000000        0.400000        1.000000
      0.008500        1.000000        0.000000        0.400000        1.000000
      0.009500        1.000000        0.000000        0.400000        1.000000
      0.010500        1.000000        0.000000        0.400000        1.000000
      0.011500        1.000000        0.000000        0.400000        1.000000
      0.012500        1.000000        0.000000        0.400000        1.000000
      0.013500        1.000000        0.000000        0.400000        1.000000
      0.014500        1.000000        0.000000        0.400000        1.000000
      0.015500        1.000000        0.000000        0.400000        1.000000
      0.016500        1.000000        0.000000        0.400000        1.000000
      0.017500        1.000000        0.000000        0.400000        1.000000
      0.018500        1.000000        0.000000        0.400000        1.000000
      0.019500        1.000000        0.000000        0.400000        1.000000
      0.020500        1.000000        0.000000        0.400000        1.000000
      0.021500        1.000000        0.000000        0.400000        1.000000
      0.022500        1.000000        0.000000        0.400000        1.000000
      0.023500        1.000000        0.000000        0.400000        1.000000
      0.024500        1.000000        0.000000        0.400000        1.000000
      0.025500        1.000000        0.000000        0.400000        1.000000
      0.026500        1.000000        0.000000        0.400000        1.000000
      0.027500        1.000000        0.000000        0.400000        1.000000
      0.028500        1.000000        0.000000        0.400000        1.000000
      0.029500        1.000000        0.000000        0.400000        1.000000
      0.030500        1.000000        0.000000        0.400000        1.000000
      0.031500        1.000000        0.000000        0.400000        1.000000
      0.032500        1.000000        0.000000        0.400000        1.000000
      0.033500        1.000000        0.000000        0.400000        1.000000
      0.034500        1.000000        0.000000        0.400000        1.000000
      0.035500        1.000000        0.000000        0.400000        1.000000
      0.036500        1.000000        0.000000        0.400000        1.000000
      0.037500        1.000000        0.000000        0.400000        1.000000
      0.038500        1.000000        0.000000        0.400000        1.000000
      0.039500        1.000000        0.000000        0.400000        1.000000
      0.040500        1.000000        0.000000        0.400000        1.000000
      0.041500        1.000000        0.000000        0.400000        1.000000
      0.042500        1.000000        0.000000        0.400000        1.000000
      0.043500        1.000000        0.000000        0.400000        1.000000
      0.044500        1.000000        0.000000        0.400000        1.000000
      0.045500        1.000000        0.000000        0.400000        1.000000
      0.046500        1.000000        0.000000        0.400000        1.000000
      0.047500        1.000000        0.000000        0.400000        1.000000
      0.048500        1.000000        0.000000        0.400000        1.000000
      0.049500        1.000000        0.000000        0.400000        1.000000
      0.050500        1.000000        0.000000        0.400000        1.000000
      0.051500        1.000000        0.000000        0.400000        1.000000
      0.052500        1.000000        0.000000        0.400000        1.000000
      0.053500        1.000000        0.000000        0.400000        1.000000
      0.054500        1.000000        0.000000        0.400000        1.000000
      0.055500        1.000000        0.000000        0.400000        1.000000
      0.056500        1.000000        0.000000        0.400000        1.000000
      0.057500        1.000000        0.000000        0.400000        1.000000
      0.058500        1.000000        0.000000        0.400000        1.000000
      0.059500        1.000000        0.000000        0.400000        1.000000
      0.060500        1.000000        0.000000        0.400000        1.000000
      0.061500        1.000000        0.000000        0.400000        1.000000
      0.062500        1.000000        0.000000        0.400000        1.000000
      0.063500        1.000000        0.000000        0.400000        1.000000
      0.064500        1.000000        0.000000        0.400000        1.000000
      0.065500        1.000000        0.000000        0.400000        1.000000
      0.066500        1.000000        0.000000        0.400000        1.000000
      0.067500        1.000000        0.000000        0.400000        1.000000
      0.068500        1.000000        0.000000        0.400000        1.000000
      0.069500        1.000000        0.000000        0.400000        1.000000
      0.070500        1.000000        0.000000        0.400000        1.000000
      0.071500        1.000000        0.000000        0.400000        1.000000
      0.072500        1.000000        0.000000        0.400000        1.000000
      0.073500        1.000000        0.000000        0.400000        1.000000
      0.074500        1.000000        0.000000        0.400000        1.000000
      0.075500        1.000000        0.000000        0.400000        1.000000
      0.076500        1.000000        0.000000        0.400000        1.000000
      0.077500        1.000000        0.000000        0.400000        1.000000
      0.078500        1.000000        0.000000        0.400000        1.000000
      0.079500        1.000000        0.000000        0.400000        1.000000
      0.080500        1.000000        0.000000        0.400000        1.000000
      0.081500        1.000000        0.000000        0.400000        1.000000
      0.082500        1.000000        0.000000        0.400000        1.000000
      0.083500        1.000000        0.000000        0.400000        1.000000
      0.084500        1.000000        0.000000        0.400000        1.000000
      0.085500        1.000000        0.000000        0.400000        1.000000
      0.086500        1.000000        0.000000        0.400000        1.000000
      0.087500        1.000000        0.000000        0.400000        1.000000
      0.088500        1.000000        0.000000        0.400000        1.000000
      0.089500        1.000000        0.000000        0.400000        1.000000
      0.090500        1.000000        0.000000        0.400000        1.000000
      0.091500        1.000000        0.000000        0.400000        1.000000
      0.092500        1.000000        0.000000        0.400000        1.000000
      0.093500        1.000000        0.000000        0.400000        1.000000
      0.094500        1.000000        0.000000        0.400000        1.000000
      0.095500        1.000000        0.000000        0.400000        1.000000
      0.096500        1.000000        0.000000        0.400000        1.000000
      0.097500        1.000000        0.000000        0.400000        1.000000
      0.098500        1.000000        0.000000        0.400000        1.000000
      0.099500        1.000000        0.000000        0.400000        1.000000
      0.100500        1.000000        0.000000        0.400000        1.000000
      0.101500        1.000000        0.000000        0.400000        1.000000
      0.102500        1.000000        0.000000        0.400000        1.000000
      0.103500        1.000000        0.000000        0.400000        1.000000
      0.104500        1.000000        0.000000        0.400000        1.000000
      0.105500        1.000000        0.000000        0.400000        1.000000
      0.106500        1.000000        0.000000        0.400000        1.000000
      0.107500        1.000000        0.000000        0.400000        1.000000
      0.108500        1.000000        0.000000        0.400000        1.000000
      0.109500        1.000000        0.000000        0.400000        1.000000
      0.110500        1.000000        0.000000        0.400000        1.000000
      0.111500        1.000000        0.000000        0.400000        1.000000
      0.112500        1.000000        0.000000        0.400000        1.000000
      0.113500        1.000000        0.000000        0.400000        1.000000
      0.114500        1.000000        0.000000        0.400000        1.000000
      0.115500        1.000000        0.000000        0.400000        1.000000
      0.116500        1.000000        0.000000        0.400000        1.000000
      0.117500        1.000000        0.000000        0.400000        1.000000
      0.118500        1.000000        0.000000        0.400000        1.000000
      0.119500        1.000000        0.000000        0.400000        1.000000
      0.120500        1.000000        0.000000        0.400000        1.000000
      0.121500        1.000000        0.000000        0.400000        1.000000
      0.122500        1.000000        0.000000        0.400000        1.000000
      0.123500        1.000000        0.000000        0.400000        1.000000
      0.124500        1.000000        0.000000        0.400000        1.000000
      0.125500        1.000000        0.000000        0.400000        1.000000
      0.126500        1.000000        0.000000        0.400000        1.000000
      0.127500        1.000000        0.000000        0.400000        1.000000
      0.128500        1.000000        0.000000        0.400000        1.000000
      0.129500        1.000000        0.000000        0.400000        1.000000
      0.130500        1.000000        0.000000        0.400000        1.000000
      0.131500        1.000000        0.000000        0.400000        1.000000
      0.132500        1.000000        0.000000        0.400000        1.000000
      0.133500        1.000000        0.000000        0.400000        1.000000
      0.134500        1.000000        0.000000        0.400000        1.000000
      0.135500        1.000000        0.000000        0.400000        1.000000
      0.136500        1.000000        0.000000        0.400000        1.000000
      0.137500        1.000000        0.000000        0.400000        1.000000
      0.138500        1.000000        0.000000        0.400000        1.000000
      0.139500        1.000000        0.000000        0.400000        1.000000
      0.140500        1.000000        0.000000        0.400000        1.000000
      0.141500        1.000000        0.000000        0.400000        1.000000
      0.142500        1.000000        0.000000        0.400000        1.000000
      0.143500        1.000000        0.000000        0.400000        1.000000
      0.144500        1.000000        0.000000        0.400000        1.000000
      0.145500        1.000000        0.000000        0.400000        1.000000
      0.146500        1.000000        0.000000        0.400000        1.000000
      0.147500        1.000000        0.000000        0.400000        1.000000
      0.148500        1.000000        0.000000        0.400000        1.000000
      0.149500        1.000000        0.000000        0.400000        1.000000
      0.150500        1.000000        0.000000        0.400000        1.000000
      0.151500        1.000000        0.000000        0.400000        1.000000
      0.152500        1.000000        0.000000        0.400000        1.000000
      0.153500        1.000000        0.000000        0.400000        1.000000
      0.154500        1.000000        0.000000        0.400000        1.000000
      0.155500        1.000000        0.000000        0.400000        1.000000
      0.156500        1.000000        0.000000        0.400000        1.000000
      0.157500        1.000000        0.000000        0.400000        1.000000
      0.158500        1.000000        0.000000        0.400000        1.000000
      0.159500        1.000000        0.000000        0.400000        1.000000
      0.160500        1.000000        0.000000        0.400000        1.000000
      0.161500        1.000000        0.000000        0.400000        1.000000
      0.162500        1.000000        0.000000        0.400000        1.000000
      0.163500        1.000000        0.000000        0.400000        1.000000
      0.164500        1.000000        0.000000        0.400000        1.000000
      0.165500        1.000000        0.000000        0.400000        1.000000
      0.166500        1.000000        0.000000        0.400000        1.000000
      0.167500        1.000000        0.000000        0.400000        1.000000
      0.168500        1.000000        0.000000        0.400000        1.000000
      0.169500        1.000000        0.000000        0.400000        1.000000
      0.170500        1.000000        0.000000        0.400000        1.000000
      0.171500        1.000000        0.000000        0.400000        1.000000
      0.172500        1.000000        0.000000        0.400000        1.000000
      0.173500        1.000000        0.000000        0.400000        1.000000
      0.174500        1.000000        0.000000        0.400000        1.000000
      0.175500        1.000000        0.000000        0.400000        1.000000
      0.176500        1.000000        0.000000        0.400000        1.000000
      0.177500        1.000000        0.000000        0.400000        1.000000
      0.178500        1.000000        0.000000        0.400000        1.000000
      0.179500        1.000000        0.000000        0.400000        1.000000
      0.180500        1.000000        0.000000        0.400000        1.000000
      0.181500        1.000000        0.000000        0.400000        1.000000
      0.182500        1.000000        0.000000        0.400000        1.000000
      0.183500        1.000000        0.000000        0.400000        1.000000
      0.184500        1.000000        0.000000        0.400000        1.000000
      0.185500        1.000000        0.000000        0.400000        1.000000
      0.186500        1.000000        0.000000        0.400000        1.000000
      0.187500        1.000000        0.000000        0.400000        1.000000
      0.188500        1.000000        0.000000        0.400000        1.000000
      0.189500        1.000000        0.000000        0.400000        1.000000
      0.190500        1.000000        0.000000        0.400000        1.000000
      0.191500        1.000000        0.000000        0.400000        1.000000
      0.192500        1.000000        0.000000        0.400000        1.000000
      0.193500        1.000000        0.000000        0.400000        1.000000
      0.194500        1.000000        0.000000        0.400000        1.000000
      0.195500        1.000000        0.000000        0.400000        1.000000
      0.196500        1.000000        0.000000        0.400000        1.000000
      0.197500        1.000000        0.000000        0.400000        1.000000
      0.198500        1.000000        0.000000        0.400000        1.000000
      0.199500        1.000000        0.000000        0.400000        1.000000
      0.200500        1.000000        0.000000        0.400000        1.000000
      0.201500        1.000000        0.000000        0.400000        1.000000
      0.202500        1.000000        0.000000        0.400000        1.000000
      0.203500        1.000000        0.000000        0.400000        1.000000
      0.204500        1.000000        0.000000        0.400000        1.000000
      0.205500        1.000000        0.000000        0.400000        1.000000
      0.206500        1.000000        0.000000        0.400000        1.000000
      0.207500        1.000000        0.000000        0.400000        1.000000
      0.208500        1.000000        0.000000        0.400000        1.000000
      0.209500        1.000000        0.000000        0.400000        1.000000
      0.210500        1.000000        0.000000        0.400000        1.000000
      0.211500        1.000000        0.000000        0.400000        1.000000
      0.212500        1.000000        0.000000        0.400000        1.000000
      0.213500        1.000000        0.000000        0.400000        1.000000
      0.214500        1.000000        0.000000        0.400000        1.000000
      0.215500        1.000000        0.000000        0.400000        1.000000
      0.216500        1.000000        0.000000        0.400000        1.000000
      0.217500        1.000000        0.000000        0.400000        1.000000
      0.218500        1.000000        0.000000        0.400000        1.000000
      0.219500        1.000000        0.000000        0.400000        1.000000
      0.220500        1.000000        0.000000        0.400000        1.000000
      0.221500        1.000000        0.000000        0.400000        1.000000
      0.222500        1.000000        0.000000        0.400000        1.000000
      0.223500        1.000000        0.000000        0.400000        1.000000
      0.224500        1.000000        0.000000        0.400000        1.000000
      0.225500        1.000000        0.000000        0.400000        1.000000
      0.226500        1.000000        0.000000        0.400000        1.000000
      0.227500        1.000000        0.000000        0.400000        1.000000
      0.228500        1.000000        0.000000        0.400000        1.000000
      0.229500        1.000000        0.000000        0.400000        1.000000
      0.230500        1.000000        0.000000        0.400000        1.000000
      0.231500        1.000000        0.000000        0.400000        1.000000
      0.232500        1.000000        0.000000        0.400000        1.000000
      0.233500        1.000000        0.000000        0.400000        1.000000
      0.234500        1.000000        0.000000        0.400000        1.000000
      0.235500        1.000000        0.000000        0.400000        1.000000
      0.236500        1.000000        0.000000        0.400000        1.000000
      0.237500        1.000000        0.000000        0.400000        1.000000
      0.238500        1.000000        0.000000        0.400000        1.000000
      0.239500        1.000000        0.000000        0.400000        1.000000
      0.240500        1.000000        0.000000        0.400000        1.000000
      0.241500        1.000000        0.000000        0.400000        1.000000
      0.242500        1.000000        0.000000        0.400000        1.000000
      0.243500        1.000000        0.000000        0.400000        1.000000
      0.244500        1.000000        0.000000        0.400000        1.000000
      0.245500        1.000000        0.000000        0.400000        1.000000
      0.246500        1.000000        0.000000        0.400000        1.000000
      0.247500        1.000000        0.000000        0.400000        1.000000
      0.248500        1.000000        0.000000        0.400000        1.000000
      0.249500        1.000000        0.000000        0.400000        1.000000
      0.250500        1.000000        0.000000        0.400000        1.000000
      0.251500        1.000000        0.000000        0.400000        1.000000
      0.252500        1.000000        0.000000        0.400000        1.000000
      0.253500        1.000000        0.000000        0.400000        1.000000
      0.254500        1.000000        0.000000        0.400000        1.000000
      0.255500        1.000000        0.000000        0.400000        1.000000
      0.256500        1.000000        0.000000        0.400000        1.000000
      0.257500        1.000000        0.000000        0.400000        1.000000
      0.258500        1.000000        0.000000        0.400000        1.000000
      0.259500        1.000000        0.000000        0.400000        1.000000
      0.260500        1.000000        0.000000        0.400000        1.000000
      0.261500        1.000000        0.000000        0.400000        1.000000
      0.262500        1.000000        0.000000        0.400000        1.000000
      0.263500        1.000000        0.000000        0.400000        1.000000
      0.264500        1.000000        0.000000        0.400000        1.000000
      0.265500        1.000000        0.000000        0.400000        1.000000
      0.266500        1.000000        0.000000        0.400000        1.000000
      0.267500        1.000000        0.000000        0.400000        1.000000
      0.268500        1.000000        0.000000        0.400000        1.000000
      0.269500        1.000000        0.000000        0.400000        1.000000
      0.270500        1.000000        0.000000        0.400000        1.000000
      0.271500        1.000000        0.000000        0.400000        1.000000
      0.272500        1.000000        0.000000        0.400000        1.000000
      0.273500        1.000000        0.000000        0.400000        1.000000
      0.274500        1.000000        0.000000        0.400000        1.000000
      0.275500        1.000000        0.000000        0.400000        1.000000
      0.276500        1.000000        0.000000        0.400000        1.000000
      0.277500        1.000000        0.000000        0.400000        1.000000
      0.278500        1.000000        0.000000        0.400000        1.000000
      0.279500        1.000000        0.000000        0.400000        1.000000
      0.280500        1.000000        0.000000        0.400000        1.000000
      0.281500        1.000000        0.000000        0.400000        1.000000
      0.282500        1.000000        0.000000        0.400000        1.000000
      0.283500        1.000000        0.000000        0.400000        1.000000
      0.284500        1.000000        0.000000        0.400000        1.000000
      0.285500        1.000000        0.000000        0.400000        1.000000
      0.286500        1.000000        0.000000        0.400000        1.000000
      0.287500        1.000000        0.000000        0.400000        1.000000
      0.288500        1.000000        0.000000        0.400000        1.000000
      0.289500        1.000000        0.000000        0.400000        1.000000
      0.290500        1.000000        0.000000        0.400000        1.000000
      0.291500        1.000000        0.000000        0.400000        1.000000
      0.292500        1.000000        0.000000        0.400000        1.000000
      0.293500        1.000000        0.000000        0.400000        1.000000
      0.294500        1.000000        0.000000        0.400000        1.000000
      0.295500        1.000000        0.000000        0.400000        1.000000
      0.296500        1.000000        0.000000        0.400000        1.000000
      0.297500        1.000000        0.000000        0.400000        1.000000
      0.298500        1.000000        0.000000        0.400000        1.000000
      0.299500        1.000000        0.000000        0.400000        1.000000
      0.300500        1.000000        0.000000        0.400000        1.000000
      0.301500        1.000000        0.000000        0.400000        1.000000
      0.302500        1.000000        0.000000        0.400000        1.000000
      0.303500        1.000000        0.000000        0.400000        1.000000
      0.304500        1.000000        0.000000        0.400000        1.000000
      0.305500        1.000000        0.000000        0.400000        1.000000
      0.306500        1.000000        0.000000        0.400000        1.000000
      0.307500        1.000000        0.000000        0.400000        1.000000
      0.308500        1.000000        0.000000        0.400000        1.000000
      0.309500        1.000000        0.000000        0.400000        1.000000
      0.310500        1.000000        0.000000        0.400000        1.000000
      0.311500        1.000000        0.000000        0.400000        1.000000
      0.312500        1.000000        0.000000        0.400000        1.000000
      0.313500        1.000000        0.000000        0.400000        1.000000
      0.314500        1.000000        0.000000        0.400000        1.000000
      0.315500        1.000000        0.000000        0.400000        1.000000
      0.316500        1.000000        0.000000        0.400000        1.000000
      0.317500        1.000000        0.000000        0.400000        1.000000
      0.318500        1.000000        0.000000        0.400000        1.000000
      0.319500        1.000000        0.000000        0.400000        1.000000
      0.320500        1.000000        0.000000        0.400000        1.000000
      0.321500        1.000000        0.000000        0.400000        1.000000
      0.322500        1.000000        0.000000        0.400000        1.000000
      0.323500        1.000000        0.000000        0.400000        1.000000
      0.324500        1.000000        0.000000        0.400000        1.000000
      0.325500        1.000000        0.000000        0.400000        1.000000
      0.326500        1.000000        0.000000        0.400000        1.000000
      0.327500        1.000000        0.000000        0.400000        1.000000
      0.328500        1.000000        0.000000        0.400000        1.000000
      0.329500        1.000000        0.000000        0.400000        1.000000
      0.330500        1.000000        0.000000        0.400000        1.000000
      0.331500        1.000000        0.000000        0.400000        1.000000
      0.332500        1.000000        0.000000        0.400000        1.000000
      0.333500        1.000000        0.000000        0.400000        1.000000
      0.334500        1.000000        0.000000        0.400000        1.000000
      0.335500        1.000000        0.000000        0.400000        1.000000
      0.336500        1.000000        0.000000        0.400000        1.000000
      0.337500        1.000000        0.000000        0.400000        1.000000
      0.338500        1.000000        0.000000        0.400000        1.000000
      0.339500        1.000000        0.000000        0.400000        1.000000
      0.340500        1.000000        0.000000        0.400000        1.000000
      0.341500        1.000000        0.000000        0.400000        1.000000
      0.342500        1.000000        0.000000        0.400000        1.000000
      0.343500        1.000000        0.000000        0.400000        1.000000
      0.344500        1.000000        0.000000        0.400000        1.000000
      0.345500        1.000000        0.000000        0.400000        1.000000
      0.346500        1.000000        0.000000        0.400000        1.000000
      0.347500        1.000000        0.000000        0.400000        1.000000
      0.348500        1.000000        0.000000        0.400000        1.000000
      0.349500        1.000000        0.000000        0.400000        1.000000
      0.350500        0.999074        0.000693        0.399482        0.999630
      0.351500        0.993523        0.004860        0.396377        0.997404
      0.352500        0.987996        0.009026        0.393294        0.995181
      0.353500        0.982494        0.013193        0.390231        0.992961
      0.354500        0.977016        0.017360        0.387188        0.990742
      0.355500        0.971563        0.021526        0.384166        0.988527
      0.356500        0.966134        0.025693        0.381165        0.986314
      0.357500        0.960730        0.029860        0.378183        0.984103
      0.358500        0.955350        0.034026        0.375221        0.981895
      0.359500        0.949994        0.038193        0.372279        0.979689
      0.360500        0.944662        0.042360        0.369357        0.977486
      0.361500        0.939354        0.046526        0.366455        0.975285
      0.362500        0.934069        0.050693        0.363572        0.973087
      0.363500        0.928809        0.054860        0.360709        0.970891
      0.364500        0.923572        0.059026        0.357865        0.968698
      0.365500        0.918359        0.063193        0.355040        0.966507
      0.366500        0.913170        0.067360        0.352235        0.964319
      0.367500        0.908004        0.071526        0.349448        0.962133
      0.368500        0.902861        0.075693        0.346681        0.959950
      0.369500        0.897742        0.079860        0.343932        0.957769
      0.370500        0.892646        0.084026        0.341202        0.955590
      0.371500        0.887573        0.088193        0.338490        0.953414
      0.372500        0.882524        0.092360        0.335797        0.951241
      0.373500        0.877497        0.096526        0.333122        0.949070
      0.374500        0.872493        0.100693        0.330466        0.946902
      0.375500        0.867512        0.104860        0.327828        0.944736
      0.376500        0.862554        0.109026        0.325208        0.942572
      0.377500        0.857619        0.113193        0.322606        0.940411
      0.378500        0.852706        0.117360        0.320021        0.938253
      0.379500        0.847816        0.121526        0.317455        0.936096
      0.380500        0.842948        0.125693        0.314906        0.933943
      0.381500        0.838102        0.129860        0.312375        0.931792
      0.382500        0.833279        0.134026        0.309861        0.929643
      0.383500        0.828478        0.138193        0.307364        0.927497
      0.384500        0.823699        0.142360        0.304885        0.925353
      0.385500        0.818943        0.146526        0.302423        0.923212
      0.386500        0.814208        0.150693        0.299978        0.921073
      0.387500        0.809495        0.154860        0.297550        0.918937
      0.388500        0.804804        0.159026        0.295139        0.916803
      0.389500        0.800135        0.163193        0.292745        0.914672
      0.390500        0.795488        0.167360        0.290367        0.912543
      0.391500        0.790862        0.171526        0.288005        0.910417
      0.392500        0.786258        0.175693        0.285661        0.908293
      0.393500        0.781675        0.179860        0.283333        0.906172
      0.394500        0.777113        0.184026        0.281021        0.904053
      0.395500        0.772573        0.188193        0.278725        0.901936
      0.396500        0.768054        0.192360        0.276445        0.899822
      0.397500        0.763557        0.196526        0.274181        0.897711
      0.398500        0.759080        0.200693        0.271934        0.895602
      0.399500        0.754625        0.204860        0.269702        0.893496
      0.400500        0.750190        0.209026        0.267485        0.891392
      0.401500        0.745776        0.213193        0.265284        0.889290
      0.402500        0.741383        0.217360        0.263099        0.887191
      0.403500        0.737011        0.221526        0.260930        0.885095
      0.404500        0.732660        0.225693        0.258775        0.883000
      0.405500        0.728328        0.229860        0.256636        0.880909
      0.406500        0.724018        0.234026        0.254512        0.878820
      0.407500        0.719728        0.238193        0.252404        0.876733
      0.408500        0.715458        0.242360        0.250310        0.874649
      0.409500        0.711209        0.246526        0.248231        0.872567
      0.410500        0.706980        0.250693        0.246167        0.870488
      0.411500        0.702771        0.254860        0.244118        0.868411
      0.412500        0.698582        0.259026        0.242083        0.866337
      0.413500        0.694413        0.263193        0.240063        0.864265
      0.414500        0.690264        0.267360        0.238057        0.862196
      0.415500        0.686134        0.271526        0.236066        0.860129
      0.416500        0.682025        0.275693        0.234089        0.858065
      0.417500        0.677936        0.279860        0.232126        0.856003
      0.418500        0.673865        0.284026        0.230177        0.853944
      0.419500        0.669815        0.288193        0.228243        0.851887
      0.420500        0.665784        0.292360        0.226322        0.849832
      0.421500        0.661772        0.296526        0.224415        0.847781
      0.422500        0.657780        0.300693        0.222522        0.845731
      0.423500        0.653807        0.304860        0.220643        0.843684
      0.424500        0.649853        0.309026        0.218777        0.841640
      0.425500        0.645919        0.313193        0.216925        0.839598
      0.426500        0.642003        0.317360        0.215086        0.837558
      0.427500        0.638107        0.321526        0.213261        0.835521
      0.428500        0.634229        0.325693        0.211449        0.833486
      0.429500        0.630371        0.329860        0.209650        0.831455
      0.430500        0.626531        0.334026        0.207864        0.829425
      0.431500        0.622710        0.338193        0.206092        0.827398
      0.432500        0.618908        0.342360        0.204332        0.825373
      0.433500        0.615124        0.346526        0.202585        0.823351
      0.434500        0.611358        0.350693        0.200851        0.821331
      0.435500        0.607612        0.354860        0.199130        0.819314
      0.436500        0.603883        0.359026        0.197421        0.817299
      0.437500        0.600173        0.363193        0.195725        0.815287
      0.438500        0.596481        0.367360        0.194042        0.813277
      0.439500        0.592808        0.371526        0.192371        0.811270
      0.440500        0.589152        0.375693        0.190712        0.809265
      0.441500        0.585515        0.379860        0.189066        0.807263
      0.442500        0.581895        0.384026        0.187431        0.805263
      0.443500        0.578294        0.388193        0.185809        0.803266
      0.444500        0.574710        0.392360        0.184199        0.801271
      0.445500        0.571144        0.396526        0.182601        0.799279
      0.446500        0.567596        0.400693        0.181015        0.797289
      0.447500        0.564065        0.404860        0.179441        0.795301
      0.448500        0.560552        0.409026        0.177878        0.793316
      0.449500        0.557057        0.413193        0.176327        0.791334
      0.450500        0.553579        0.417360        0.174788        0.789354
      0.451500        0.550118        0.421526        0.173260        0.787376
      0.452500        0.546675        0.425693        0.171744        0.785401
      0.453500        0.543249        0.429860        0.170239        0.783429
      0.454500        0.539840        0.434026        0.168745        0.781459
      0.455500        0.536448        0.438193        0.167263        0.779491
      0.456500        0.533074        0.442360        0.165791        0.777526
      0.457500        0.532452        0.443129        0.165521        0.777164
      0.458500        0.532452        0.443129        0.165521        0.777164
      0.459500        0.532452        0.443129        0.165521        0.777164
      0.460500        0.532452        0.443129        0.165521        0.777164
      0.461500        0.532452        0.443129        0.165521        0.777164
      0.462500        0.532452        0.443129        0.165521        0.777164
      0.463500        0.532452        0.443129        0.165521        0.777164
      0.464500        0.532452        0.443129        0.165521        0.777164
      0.465500        0.532452        0.443129        0.165521        0.777164
      0.466500        0.532452        0.443129        0.165521        0.777164
      0.467500        0.532452        0.443129        0.165521        0.777164
      0.468500        0.532452        0.443129        0.165521        0.777164
      0.469500        0.532452        0.443129        0.165521        0.777164
      0.470500        0.532452        0.443129        0.165521        0.777164
      0.471500        0.532452        0.443129        0.165521        0.777164
      0.472500        0.532452        0.443129        0.165521        0.777164
      0.473500        0.532452        0.443129        0.165521        0.777164
      0.474500        0.532452        0.443129        0.165521        0.777164
      0.475500        0.532452        0.443129        0.165521        0.777164
      0.476500        0.532452        0.443129        0.165521        0.777164
      0.477500        0.532452        0.443129        0.165521        0.777164
      0.478500        0.532452        0.443129        0.165521        0.777164
      0.479500        0.532452        0.443129        0.165521        0.777164
      0.480500        0.532452        0.443129        0.165521        0.777164
      0.481500        0.532452        0.443129        0.165521        0.777164
      0.482500        0.532452        0.443129        0.165521        0.777164
      0.483500        0.532452        0.443129        0.165521        0.777164
      0.484500        0.532452        0.443129        0.165521        0.777164
      0.485500        0.532452        0.443129        0.165521        0.777164
      0.486500        0.532452        0.443129        0.165521        0.777164
      0.487500        0.532452        0.443129        0.165521        0.777164
      0.488500        0.532452        0.443129        0.165521        0.777164
      0.489500        0.532452        0.443129        0.165521        0.777164
      0.490500        0.532452        0.443129        0.165521        0.777164
      0.491500        0.532452        0.443129        0.165521        0.777164
      0.492500        0.532452        0.443129        0.165521        0.777164
      0.493500        0.532452        0.443129        0.165521        0.777164
      0.494500        0.532452        0.443129        0.165521        0.777164
      0.495500        0.532452        0.443129        0.165521        0.777164
      0.496500        0.532452        0.443129        0.165521        0.777164
      0.497500        0.532452        0.443129        0.165521        0.777164
      0.498500        0.532452        0.443129        0.165521        0.777164
      0.499500        0.532452        0.443129        0.165521        0.777164
      0.500500        0.532452        0.443129        0.165521        0.777164
      0.501500        0.532452        0.443129        0.165521        0.777164
      0.502500        0.532452        0.443129        0.165521        0.777164
      0.503500        0.532452        0.443129        0.165521        0.777164
      0.504500        0.532452        0.443129        0.165521        0.777164
      0.505500        0.532452        0.443129        0.165521        0.777164
      0.506500        0.532452        0.443129        0.165521        0.777164
      0.507500        0.532452        0.443129        0.165521        0.777164
      0.508500        0.532452        0.443129        0.165521        0.777164
      0.509500        0.532452        0.443129        0.165521        0.777164
      0.510500        0.532452        0.443129        0.165521        0.777164
      0.511500        0.532452        0.443129        0.165521        0.777164
      0.512500        0.532452        0.443129        0.165521        0.777164
      0.513500        0.532452        0.443129        0.165521        0.777164
      0.514500        0.532452        0.443129        0.165521        0.777164
      0.515500        0.532452        0.443129        0.165521        0.777164
      0.516500        0.532452        0.443129        0.165521        0.777164
      0.517500        0.532452        0.443129        0.165521        0.777164
      0.518500        0.532452        0.443129        0.165521        0.777164
      0.519500        0.532452        0.443129        0.165521        0.777164
      0.520500        0.532452        0.443129        0.165521        0.777164
      0.521500        0.532452        0.443129        0.165521        0.777164
      0.522500        0.532452        0.443129        0.165521        0.777164
      0.523500        0.532452        0.443129        0.165521        0.777164
      0.524500        0.532452        0.443129        0.165521        0.777164
      0.525500        0.532452        0.443129        0.165521        0.777164
      0.526500        0.532452        0.443129        0.165521        0.777164
      0.527500        0.532452        0.443129        0.165521        0.777164
      0.528500        0.532452        0.443129        0.165521        0.777164
      0.529500        0.532452        0.443129        0.165521        0.777164
      0.530500        0.532452        0.443129        0.165521        0.777164
      0.531500        0.532452        0.443129        0.165521        0.777164
      0.532500        0.532452        0.443129        0.165521        0.777164
      0.533500        0.532452        0.443129        0.165521        0.777164
      0.534500        0.532452        0.443129        0.165521        0.777164
      0.535500        0.532452        0.443129        0.165521        0.777164
      0.536500        0.532452        0.443129        0.165521        0.777164
      0.537500        0.532452        0.443129        0.165521        0.777164
      0.538500        0.532452        0.443129        0.165521        0.777164
      0.539500        0.532452        0.443129        0.165521        0.777164
      0.540500        0.532452        0.443129        0.165521        0.777164
      0.541500        0.532452        0.443129        0.165521        0.777164
      0.542500        0.532452        0.443129        0.165521        0.777164
      0.543500        0.532452        0.443129        0.165521        0.777164
      0.544500        0.532452        0.443129        0.165521        0.777164
      0.545500        0.532452        0.443129        0.165521        0.777164
      0.546500        0.532452        0.443129        0.165521        0.777164
      0.547500        0.532452        0.443129        0.165521        0.777164
      0.548500        0.532452        0.443129        0.165521        0.777164
      0.549500        0.532452        0.443129        0.165521        0.777164
      0.550500        0.532452        0.443129        0.165521        0.777164
      0.551500        0.532452        0.443129        0.165521        0.777164
      0.552500        0.532452        0.443129        0.165521        0.777164
      0.553500        0.532452        0.443129        0.165521        0.777164
      0.554500        0.532452        0.443129        0.165521        0.777164
      0.555500        0.532452        0.443129        0.165521        0.777164
      0.556500        0.532452        0.443129        0.165521        0.777164
      0.557500        0.532452        0.443129        0.165521        0.777164
      0.558500        0.532452        0.443129        0.165521        0.777164
      0.559500        0.532452        0.443129        0.165521        0.777164
      0.560500        0.532452        0.443129        0.165521        0.777164
      0.561500        0.532452        0.443129        0.165521        0.777164
      0.562500        0.532452        0.443129        0.165521        0.777164
      0.563500        0.532452        0.443129        0.165521        0.777164
      0.564500        0.532452        0.443129        0.165521        0.777164
      0.565500        0.532452        0.443129        0.165521        0.777164
      0.566500        0.532452        0.443129        0.165521        0.777164
      0.567500        0.532452        0.443129        0.165521        0.777164
      0.568500        0.532452        0.443129        0.165521        0.777164
      0.569500        0.532452        0.443129        0.165521        0.777164
      0.570500        0.532452        0.443129        0.165521        0.777164
      0.571500        0.532452        0.443129        0.165521        0.777164
      0.572500        0.532452        0.443129        0.165521        0.777164
      0.573500        0.532452        0.443129        0.165521        0.777164
      0.574500        0.532452        0.443129        0.165521        0.777164
      0.575500        0.532452        0.443129        0.165521        0.777164
      0.576500        0.532452        0.443129        0.165521        0.777164
      0.577500        0.532452        0.443129        0.165521        0.777164
      0.578500        0.532452        0.443129        0.165521        0.777164
      0.579500        0.532452        0.443129        0.165521        0.777164
      0.580500        0.532452        0.443129        0.165521        0.777164
      0.581500        0.532452        0.443129        0.165521        0.777164
      0.582500        0.532452        0.443129        0.165521        0.777164
      0.583500        0.532452        0.443129        0.165521        0.777164
      0.584500        0.532452        0.443129        0.165521        0.777164
      0.585500        0.532452        0.443129        0.165521        0.777164
      0.586500        0.532452        0.443129        0.165521        0.777164
      0.587500        0.532452        0.443129        0.165521        0.777164
      0.588500        0.532452        0.443129        0.165521        0.777164
      0.589500        0.142795        0.443129        0.165521        2.897877
      0.590500        0.142795        0.443129        0.165521        2.897877
      0.591500        0.142795        0.443129        0.165521        2.897877
      0.592500        0.142795        0.443129        0.165521        2.897877
      0.593500        0.142795        0.443129        0.165521        2.897877
      0.594500        0.142795        0.443129        0.165521        2.897877
      0.595500        0.142795        0.443129        0.165521        2.897877
      0.596500        0.142795        0.443129        0.165521        2.897877
      0.597500        0.142795        0.443129        0.165521        2.897877
      0.598500        0.142795        0.443129        0.165521        2.897877
      0.599500        0.142795        0.443129        0.165521        2.897877
      0.600500        0.142795        0.443129        0.165521        2.897877
      0.601500        0.142795        0.443129        0.165521        2.897877
      0.602500        0.142795        0.443129        0.165521        2.897877
      0.603500        0.142795        0.443129        0.165521        2.897877
      0.604500        0.142795        0.443129        0.165521        2.897877
      0.605500        0.142795        0.443129        0.165521        2.897877
      0.606500        0.142795        0.443129        0.165521        2.897877
      0.607500        0.142795        0.443129        0.165521        2.897877
      0.608500        0.142795        0.443129        0.165521        2.897877
      0.609500        0.142795        0.443129        0.165521        2.897877
      0.610500        0.142795        0.443129        0.165521        2.897877
      0.611500        0.142795        0.443129        0.165521        2.897877
      0.612500        0.142795        0.443129        0.165521        2.897877
      0.613500        0.142795        0.443129        0.165521        2.897877
      0.614500        0.142795        0.443129        0.165521        2.897877
      0.615500        0.142795        0.443129        0.165521        2.897877
      0.616500        0.142795        0.443129        0.165521        2.897877
      0.617500        0.142795        0.443129        0.165521        2.897877
      0.618500        0.142795        0.443129        0.165521        2.897877
      0.619500        0.142795        0.443129        0.165521        2.897877
      0.620500        0.142795        0.443129        0.165521        2.897877
      0.621500        0.142795        0.443129        0.165521        2.897877
      0.622500        0.142795        0.443129        0.165521        2.897877
      0.623500        0.142795        0.443129        0.165521        2.897877
      0.624500        0.142795        0.443129        0.165521        2.897877
      0.625500        0.142795        0.443129        0.165521        2.897877
      0.626500        0.142795        0.443129        0.165521        2.897877
      0.627500        0.142795        0.443129        0.165521        2.897877
      0.628500        0.142795        0.443129        0.165521        2.897877
      0.629500        0.142795        0.443129        0.165521        2.897877
      0.630500        0.142795        0.443129        0.165521        2.897877
      0.631500        0.142795        0.443129        0.165521        2.897877
      0.632500        0.142795        0.443129        0.165521        2.897877
      0.633500        0.142795        0.443129        0.165521        2.897877
      0.634500        0.142795        0.443129        0.165521        2.897877
      0.635500        0.142795        0.443129        0.165521        2.897877
      0.636500        0.142795        0.443129        0.165521        2.897877
      0.637500        0.142795        0.443129        0.165521        2.897877
      0.638500        0.142795        0.443129        0.165521        2.897877
      0.639500        0.142795        0.443129        0.165521        2.897877
      0.640500        0.142795        0.443129        0.165521        2.897877
      0.641500        0.142795        0.443129        0.165521        2.897877
      0.642500        0.142795        0.443129        0.165521        2.897877
      0.643500        0.142795        0.443129        0.165521        2.897877
      0.644500        0.142795        0.443129        0.165521        2.897877
      0.645500        0.142795        0.443129        0.165521        2.897877
      0.646500        0.142795        0.443129        0.165521        2.897877
      0.647500        0.142795        0.443129        0.165521        2.897877
      0.648500        0.142795        0.443129        0.165521        2.897877
      0.649500        0.142795        0.443129        0.165521        2.897877
      0.650500        0.142795        0.443129        0.165521        2.897877
      0.651500        0.142795        0.443129        0.165521        2.897877
      0.652500        0.142795        0.443129        0.165521        2.897877
      0.653500        0.142795        0.443129        0.165521        2.897877
      0.654500        0.142795        0.443129        0.165521        2.897877
      0.655500        0.142795        0.443129        0.165521        2.897877
      0.656500        0.142795        0.443129        0.165521        2.897877
      0.657500        0.142795        0.443129        0.165521        2.897877
      0.658500        0.142795        0.443129        0.165521        2.897877
      0.659500        0.142795        0.443129        0.165521        2.897877
      0.660500        0.142795        0.443129        0.165521        2.897877
      0.661500        0.142795        0.443129        0.165521        2.897877
      0.662500        0.142795        0.443129        0.165521        2.897877
      0.663500        0.142795        0.443129        0.165521        2.897877
      0.664500        0.142795        0.443129        0.165521        2.897877
      0.665500        0.142795        0.443129        0.165521        2.897877
      0.666500        0.142795        0.443129        0.165521        2.897877
      0.667500        0.142795        0.443129        0.165521        2.897877
      0.668500        0.142795        0.443129        0.165521        2.897877
      0.669500        0.142795        0.443129        0.165521        2.897877
      0.670500        0.142795        0.443129        0.165521        2.897877
      0.671500        0.142795        0.443129        0.165521        2.897877
      0.672500        0.142795        0.443129        0.165521        2.897877
      0.673500        0.142795        0.443129        0.165521        2.897877
      0.674500        0.142795        0.443129        0.165521        2.897877
      0.675500        0.142795        0.443129        0.165521        2.897877
      0.676500        0.142795        0.443129        0.165521        2.897877
      0.677500        0.142795        0.443129        0.165521        2.897877
      0.678500        0.142795        0.443129        0.165521        2.897877
      0.679500        0.142795        0.443129        0.165521        2.897877
      0.680500        0.142795        0.443129        0.165521        2.897877
      0.681500        0.142795        0.443129        0.165521        2.897877
      0.682500        0.142795        0.443129        0.165521        2.897877
      0.683500        0.142795        0.443129        0.165521        2.897877
      0.684500        0.142795        0.443129        0.165521        2.897877
      0.685500        0.142795        0.443129        0.165521        2.897877
      0.686500        0.142795        0.443129        0.165521        2.897877
      0.687500        0.142795        0.443129        0.165521        2.897877
      0.688500        0.142795        0.443129        0.165521        2.897877
      0.689500        0.142795        0.443129        0.165521        2.897877
      0.690500        0.142795        0.443129        0.165521        2.897877
      0.691500        0.142795        0.443129        0.165521        2.897877
      0.692500        0.142795        0.443129        0.165521        2.897877
      0.693500        0.142795        0.443129        0.165521        2.897877
      0.694500        0.142795        0.443129        0.165521        2.897877
      0.695500        0.142795        0.443129        0.165521        2.897877
      0.696500        0.142795        0.443129        0.165521        2.897877
      0.697500        0.142795        0.443129        0.165521        2.897877
      0.698500        0.142795        0.443129        0.165521        2.897877
      0.699500        0.142795        0.443129        0.165521        2.897877
      0.700500        0.142795        0.443129        0.165521        2.897877
      0.701500        0.142795        0.443129        0.165521        2.897877
      0.702500        0.142795        0.443129        0.165521        2.897877
      0.703500        0.142795        0.443129        0.165521        2.897877
      0.704500        0.142795        0.443129        0.165521        2.897877
      0.705500        0.142795        0.443129        0.165521        2.897877
      0.706500        0.142795        0.443129        0.165521        2.897877
      0.707500        0.142795        0.443129        0.165521        2.897877
      0.708500        0.142795        0.443129        0.165521        2.897877
      0.709500        0.142795        0.443129        0.165521        2.897877
      0.710500        0.142795        0.443129        0.165521        2.897877
      0.711500        0.142795        0.443129        0.165521        2.897877
      0.712500        0.142795        0.443129        0.165521        2.897877
      0.713500        0.142795        0.443129        0.165521        2.897877
      0.714500        0.142795        0.443129        0.165521        2.897877
      0.715500        0.142795        0.443129        0.165521        2.897877
      0.716500        0.142795        0.443129        0.165521        2.897877
      0.717500        0.142795        0.443129        0.165521        2.897877
      0.718500        0.142795        0.443129        0.165521        2.897877
      0.719500        0.142795        0.443129        0.165521        2.897877
      0.720500        0.142795        0.443129        0.165521        2.897877
      0.721500        0.142795        0.443129        0.165521        2.897877
      0.722500        0.142795        0.443129        0.165521        2.897877
      0.723500        0.142795        0.443129        0.165521        2.897877
      0.724500        0.142795        0.443129        0.165521        2.897877
      0.725500        0.142795        0.443129        0.165521        2.897877
      0.726500        0.142795        0.443129        0.165521        2.897877
      0.727500        0.142795        0.443129        0.165521        2.897877
      0.728500        0.142795        0.443129        0.165521        2.897877
      0.729500        0.142795        0.443129        0.165521        2.897877
      0.730500        0.142795        0.443129        0.165521        2.897877
      0.731500        0.142795        0.443129        0.165521        2.897877
      0.732500        0.142795        0.443129        0.165521        2.897877
      0.733500        0.142795        0.443129        0.165521        2.897877
      0.734500        0.142795        0.443129        0.165521        2.897877
      0.735500        0.142795        0.443129        0.165521        2.897877
      0.736500        0.142795        0.443129        0.165521        2.897877
      0.737500        0.142795        0.443129        0.165521        2.897877
      0.738500        0.142795        0.443129        0.165521        2.897877
      0.739500        0.142795        0.443129        0.165521        2.897877
      0.740500        0.142795        0.443129        0.165521        2.897877
      0.741500        0.142795        0.443129        0.165521        2.897877
      0.742500        0.142795        0.443129        0.165521        2.897877
      0.743500        0.142795        0.443129        0.165521        2.897877
      0.744500        0.142795        0.443129        0.165521        2.897877
      0.745500        0.142795        0.443129        0.165521        2.897877
      0.746500        0.142795        0.443129        0.165521        2.897877
      0.747500        0.142795        0.443129        0.165521        2.897877
      0.748500        0.142795        0.443129        0.165521        2.897877
      0.749500        0.142795        0.443129        0.165521        2.897877
      0.750500        0.142795        0.443129        0.165521        2.897877
      0.751500        0.142795        0.443129        0.165521        2.897877
      0.752500        0.142795        0.443129        0.165521        2.897877
      0.753500        0.142795        0.443129        0.165521        2.897877
      0.754500        0.142795        0.443129        0.165521        2.897877
      0.755500        0.142795        0.443129        0.165521        2.897877
      0.756500        0.142795        0.443129        0.165521        2.897877
      0.757500        0.142795        0.443129        0.165521        2.897877
      0.758500        0.142795        0.443129        0.165521        2.897877
      0.759500        0.142795        0.443129        0.165521        2.897877
      0.760500        0.142795        0.443129        0.165521        2.897877
      0.761500        0.142795        0.443129        0.165521        2.897877
      0.762500        0.142795        0.443129        0.165521        2.897877
      0.763500        0.142795        0.443129        0.165521        2.897877
      0.764500        0.142795        0.443129        0.165521        2.897877
      0.765500        0.142795        0.443129        0.165521        2.897877
      0.766500        0.142795        0.443129        0.165521        2.897877
      0.767500        0.142795        0.443129        0.165521        2.897877
      0.768500        0.142795        0.443129        0.165521        2.897877
      0.769500        0.142795        0.443129        0.165521        2.897877
      0.770500        0.142795        0.443129        0.165521        2.897877
      0.771500        0.142795        0.443129        0.165521        2.897877
      0.772500        0.142795        0.443129        0.165521        2.897877
      0.773500        0.142795        0.443129        0.165521        2.897877
      0.774500        0.142795        0.443129        0.165521        2.897877
      0.775500        0.142795        0.443129        0.165521        2.897877
      0.776500        0.142795        0.443129        0.165521        2.897877
      0.777500        0.142795        0.443129        0.165521        2.897877
      0.778500        0.142795        0.443129        0.165521        2.897877
      0.779500        0.142795        0.443129        0.165521        2.897877
      0.780500        0.142795        0.443129        0.165521        2.897877
      0.781500        0.142795        0.443129        0.165521        2.897877
      0.782500        0.142795        0.443129        0.165521        2.897877
      0.783500        0.142795        0.443129        0.165521        2.897877
      0.784500        0.142795        0.443129        0.165521        2.897877
      0.785500        0.142795        0.443129        0.165521        2.897877
      0.786500        0.142795        0.443129        0.165521        2.897877
      0.787500        0.142795        0.443129        0.165521        2.897877
      0.788500        0.142795        0.443129        0.165521        2.897877
      0.789500        0.142795        0.443129        0.165521        2.897877
      0.790500        0.142795        0.443129        0.165521        2.897877
      0.791500        0.142795        0.443129        0.165521        2.897877
      0.792500        0.142795        0.443129        0.165521        2.897877
      0.793500        0.142795        0.443129        0.165521        2.897877
      0.794500        0.142795        0.443129        0.165521        2.897877
      0.795500        0.142795        0.443129        0.165521        2.897877
      0.796500        0.100000        0.000000        0.100000        2.500000
      0.797500        0.100000        0.000000        0.100000        2.500000
      0.798500        0.100000        0.000000        0.100000        2.500000
      0.799500        0.100000        0.000000        0.100000        2.500000
      0.800500        0.100000        0.000000        0.100000        2.500000
      0.801500        0.100000        0.000000        0.100000        2.500000
      0.802500        0.100000        0.000000        0.100000        2.500000
      0.803500        0.100000        0.000000        0.100000        2.500000
      0.804500        0.100000        0.000000        0.100000        2.500000
      0.805500        0.100000        0.000000        0.100000        2.500000
      0.806500        0.100000        0.000000        0.100000        2.500000
      0.807500        0.100000        0.000000        0.100000        2.500000
      0.808500        0.100000        0.000000        0.100000        2.500000
      0.809500        0.100000        0.000000        0.100000        2.500000
      0.810500        0.100000        0.000000        0.100000        2.500000
      0.811500        0.100000        0.000000        0.100000        2.500000
      0.812500        0.100000        0.000000        0.100000        2.500000
      0.813500        0.100000        0.000000        0.100000        2.500000
      0.814500        0.100000        0.000000        0.100000        2.500000
      0.815500        0.100000        0.000000        0.100000        2.500000
      0.816500        0.100000        0.000000        0.100000        2.500000
      0.817500        0.100000        0.000000        0.100000        2.500000
      0.818500        0.100000        0.000000        0.100000        2.500000
      0.819500        0.100000        0.000000        0.100000        2.500000
      0.820500        0.100000        0.000000        0.100000        2.500000
      0.821500        0.100000        0.000000        0.100000        2.500000
      0.822500        0.100000        0.000000        0.100000        2.500000
      0.823500        0.100000        0.000000        0.100000        2.500000
      0.824500        0.100000        0.000000        0.100000        2.500000
      0.825500        0.100000        0.000000        0.100000        2.500000
      0.826500        0.100000        0.000000        0.100000        2.500000
      0.827500        0.100000        0.000000        0.100000        2.500000
      0.828500        0.100000        0.000000        0.100000        2.500000
      0.829500        0.100000        0.000000        0.100000        2.500000
      0.830500        0.100000        0.000000        0.100000        2.500000
      0.831500        0.100000        0.000000        0.100000        2.500000
      0.832500        0.100000        0.000000        0.100000        2.500000
      0.833500        0.100000        0.000000        0.100000        2.500000
      0.834500        0.100000        0.000000        0.100000        2.500000
      0.835500        0.100000        0.000000        0.100000        2.500000
      0.836500        0.100000        0.000000        0.100000        2.500000
      0.837500        0.100000        0.000000        0.100000        2.500000
      0.838500        0.100000        0.000000        0.100000        2.500000
      0.839500        0.100000        0.000000        0.100000        2.500000
      0.840500        0.100000        0.000000        0.100000        2.500000
      0.841500        0.100000        0.000000        0.100000        2.500000
      0.842500        0.100000        0.000000        0.100000        2.500000
      0.843500        0.100000        0.000000        0.100000        2.500000
      0.844500        0.100000        0.000000        0.100000        2.500000
      0.845500        0.100000        0.000000        0.100000        2.500000
      0.846500        0.100000        0.000000        0.100000        2.500000
      0.847500        0.100000        0.000000        0.100000        2.500000
      0.848500        0.100000        0.000000        0.100000        2.500000
      0.849500        0.100000        0.000000        0.100000        2.500000
      0.850500        0.100000        0.000000        0.100000        2.500000
      0.851500        0.100000        0.000000        0.100000        2.500000
      0.852500        0.100000        0.000000        0.100000        2.500000
      0.853500        0.100000        0.000000        0.100000        2.500000
      0.854500        0.100000        0.000000        0.100000        2.500000
      0.855500        0.100000        0.000000        0.100000        2.500000
      0.856500        0.100000        0.000000        0.100000        2.500000
      0.857500        0.100000        0.000000        0.100000        2.500000
      0.858500        0.100000        0.000000        0.100000        2.500000
      0.859500        0.100000        0.000000        0.100000        2.500000
      0.860500        0.100000        0.000000        0.100000        2.500000
      0.861500        0.100000        0.000000        0.100000        2.500000
      0.862500        0.100000        0.000000        0.100000        2.500000
      0.863500        0.100000        0.000000        0.100000        2.500000
      0.864500        0.100000        0.000000        0.100000        2.500000
      0.865500        0.100000        0.000000        0.100000        2.500000
      0.866500        0.100000        0.000000        0.100000        2.500000
      0.867500        0.100000        0.000000        0.100000        2.500000
      0.868500        0.100000        0.000000        0.100000        2.500000
      0.869500        0.100000        0.000000        0.100000        2.500000
      0.870500        0.100000        0.000000        0.100000        2.500000
      0.871500        0.100000        0.000000        0.100000        2.500000
      0.872500        0.100000        0.000000        0.100000        2.500000
      0.873500        0.100000        0.000000        0.100000        2.500000
      0.874500        0.100000        0.000000        0.100000        2.500000
      0.875500        0.100000        0.000000        0.100000        2.500000
      0.876500        0.100000        0.000000        0.100000        2.500000
      0.877500        0.100000        0.000000        0.100000        2.500000
      0.878500        0.100000        0.000000        0.100000        2.500000
      0.879500        0.100000        0.000000        0.100000        2.500000
      0.880500        0.100000        0.000000        0.100000        2.500000
      0.881500        0.100000        0.000000        0.100000        2.500000
      0.882500        0.100000        0.000000        0.100000        2.500000
      0.883500        0.100000        0.000000        0.100000        2.500000
      0.884500        0.100000        0.000000        0.100000        2.500000
      0.885500        0.100000        0.000000        0.100000        2.500000
      0.886500        0.100000        0.000000        0.100000        2.500000
      0.887500        0.100000        0.000000        0.100000        2.500000
      0.888500        0.100000        0.000000        0.100000        2.500000
      0.889500        0.100000        0.000000        0.100000        2.500000
      0.890500        0.100000        0.000000        0.100000        2.500000
      0.891500        0.100000        0.000000        0.100000        2.500000
      0.892500        0.100000        0.000000        0.100000        2.500000
      0.893500        0.100000        0.000000        0.100000        2.500000
      0.894500        0.100000        0.000000        0.100000        2.500000
      0.895500        0.100000        0.000000        0.100000        2.500000
      0.896500        0.100000        0.000000        0.100000        2.500000
      0.897500        0.100000        0.000000        0.100000        2.500000
      0.898500        0.100000        0.000000        0.100000        2.500000
      0.899500        0.100000        0.000000        0.100000        2.500000
      0.900500        0.100000        0.000000        0.100000        2.500000
      0.901500        0.100000        0.000000        0.100000        2.500000
      0.902500        0.100000        0.000000        0.100000        2.500000
      0.903500        0.100000        0.000000        0.100000        2.500000
      0.904500        0.100000        0.000000        0.100000        2.500000
      0.905500        0.100000        0.000000        0.100000        2.500000
      0.906500        0.100000        0.000000        0.100000        2.500000
      0.907500        0.100000        0.000000        0.100000        2.500000
      0.908500        0.100000        0.000000        0.100000        2.500000
      0.909500        0.100000        0.000000        0.100000        2.500000
      0.910500        0.100000        0.000000        0.100000        2.500000
      0.911500        0.100000        0.000000        0.100000        2.500000
      0.912500        0.100000        0.000000        0.100000        2.500000
      0.913500        0.100000        0.000000        0.100000        2.500000
      0.914500        0.100000        0.000000        0.100000        2.500000
      0.915500        0.100000        0.000000        0.100000        2.500000
      0.916500        0.100000        0.000000        0.100000        2.500000
      0.917500        0.100000        0.000000        0.100000        2.500000
      0.918500        0.100000        0.000000        0.100000        2.500000
      0.919500        0.100000        0.000000        0.100000        2.500000
      0.920500        0.100000        0.000000        0.100000        2.500000
      0.921500        0.100000        0.000000        0.100000        2.500000
      0.922500        0.100000        0.000000        0.100000        2.500000
      0.923500        0.100000        0.000000        0.100000        2.500000
      0.924500        0.100000        0.000000        0.100000        2.500000
      0.925500        0.100000        0.000000        0.100000        2.500000
      0.926500        0.100000        0.000000        0.100000        2.500000
      0.927500        0.100000        0.000000        0.100000        2.500000
      0.928500        0.100000        0.000000        0.100000        2.500000
      0.929500        0.100000        0.000000        0.100000        2.500000
      0.930500        0.100000        0.000000        0.100000        2.500000
      0.931500        0.100000        0.000000        0.100000        2.500000
      0.932500        0.100000        0.000000        0.100000        2.500000
      0.933500        0.100000        0.000000        0.100000        2.500000
      0.934500        0.100000        0.000000        0.100000        2.500000
      0.935500        0.100000        0.000000        0.100000        2.500000
      0.936500        0.100000        0.000000        0.100000        2.500000
      0.937500        0.100000        0.000000        0.100000        2.500000
      0.938500        0.100000        0.000000        0.100000        2.500000
      0.939500        0.100000        0.000000        0.100000        2.500000
      0.940500        0.100000        0.000000        0.100000        2.500000
      0.941500        0.100000        0.000000        0.100000        2.500000
      0.942500        0.100000        0.000000        0.100000        2.500000
      0.943500        0.100000        0.000000        0.100000        2.500000
      0.944500        0.100000        0.000000        0.100000        2.500000
      0.945500        0.100000        0.000000        0.100000        2.500000
      0.946500        0.100000        0.000000        0.100000        2.500000
      0.947500        0.100000        0.000000        0.100000        2.500000
      0.948500        0.100000        0.000000        0.100000        2.500000
      0.949500        0.100000        0.000000        0.100000        2.500000
      0.950500        0.100000        0.000000        0.100000        2.500000
      0.951500        0.100000        0.000000        0.100000        2.500000
      0.952500        0.100000        0.000000        0.100000        2.500000
      0.953500        0.100000        0.000000        0.100000        2.500000
      0.954500        0.100000        0.000000        0.100000        2.500000
      0.955500        0.100000        0.000000        0.100000        2.500000
      0.956500        0.100000        0.000000        0.100000        2.500000
      0.957500        0.100000        0.000000        0.100000        2.500000
      0.958500        0.100000        0.000000        0.100000        2.500000
      0.959500        0.100000        0.000000        0.100000        2.500000
      0.960500        0.100000        0.000000        0.100000        2.500000
      0.961500        0.100000        0.000000        0.100000        2.500000
      0.962500        0.100000        0.000000        0.100000        2.500000
      0.963500        0.100000        0.000000        0.100000        2.500000
      0.964500        0.100000        0.000000        0.100000        2.500000
      0.965500        0.100000        0.000000        0.100000        2.500000
      0.966500        0.100000        0.000000        0.100000        2.500000
      0.967500        0.100000        0.000000        0.100000        2.500000
      0.968500        0.100000        0.000000        0.100000        2.500000
      0.969500        0.100000        0.000000        0.100000        2.500000
      0.970500        0.100000        0.000000        0.100000        2.500000
      0.971500        0.100000        0.000000        0.100000        2.500000
      0.972500        0.100000        0.000000        0.100000        2.500000
      0.973500        0.100000        0.000000        0.100000        2.500000
      0.974500        0.100000        0.000000        0.100000        2.500000
      0.975500        0.100000        0.000000        0.100000        2.500000
      0.976500        0.100000        0.000000        0.100000        2.500000
      0.977500        0.100000        0.000000        0.100000        2.500000
      0.978500        0.100000        0.000000        0.100000        2.500000
      0.979500        0.100000        0.000000        0.100000        2.500000
      0.980500        0.100000        0.000000        0.100000        2.500000
      0.981500        0.100000        0.000000        0.100000        2.500000
      0.982500        0.100000        0.000000        0.100000        2.500000
      0.983500        0.100000        0.000000        0.100000        2.500000
      0.984500        0.100000        0.000000        0.100000        2.500000
      0.985500        0.100000        0.000000        0.100000        2.500000
      0.986500        0.100000        0.000000        0.100000        2.500000
      0.987500        0.100000        0.000000        0.100000        2.500000
      0.988500        0.100000        0.000000        0.100000        2.500000
      0.989500        0.100000        0.000000        0.100000        2.500000
      0.990500        0.100000        0.000000        0.100000        2.500000
      0.991500        0.100000        0.000000        0.100000        2.500000
      0.992500        0.100000        0.000000        0.100000        2.500000
      0.993500        0.100000        0.000000        0.100000        2.500000
      0.994500        0.100000        0.000000        0.100000        2.500000
      0.995500        0.100000        0.000000        0.100000        2.500000
      0.996500        0.100000        0.000000        0.100000        2.500000
      0.997500        0.100000        0.000000        0.100000        2.500000
      0.998500        0.100000        0.000000        0.100000        2.500000
      0.999500        0.100000        0.000000        0.100000        2.500000
